<?xml version="1.0" encoding="UTF-8"?>
<!-- Generated by org.testng.reporters.JUnitReportReporter -->
<testsuite hostname="DESKTOP-HUQOIUG" failures="0" tests="7" name="ProductList" time="6.343" errors="0" timestamp="2021-11-08T19:19:43 IST" skipped="0">
  <testcase classname="ProductList" name="GetAccessToken1" time="0.995"/>
  <system-out/>
  <testcase classname="ProductList" name="LoginAccessToken1" time="0.662"/>
  <system-out/>
  <testcase classname="ProductList" name="GetProductDetails" time="1.983"/>
  <system-out/>
  <testcase classname="ProductList" name="Updateproducts" time="0.668"/>
  <system-out/>
  <testcase classname="ProductList" name="GetProductDetaildByID" time="0.680"/>
  <system-out/>
  <testcase classname="ProductList" name="UpdateProductQuantity" time="0.662"/>
  <system-out/>
  <testcase classname="ProductList" name="GetProductQuantityDetailsByID" time="0.693"/>
  <system-out/>
</testsuite> <!-- ProductList -->
