<?xml version="1.0" encoding="UTF-8"?>
<!-- Generated by org.testng.reporters.JUnitReportReporter -->
<testsuite hostname="DESKTOP-HUQOIUG" failures="0" tests="4" name="GetAccess" time="5.898" errors="0" timestamp="2021-11-08T19:19:43 IST" skipped="0">
  <testcase classname="GetAccess" name="GetAccessToken" time="3.350"/>
  <system-out/>
  <testcase classname="GetAccess" name="LoginAccessToken" time="1.210"/>
  <system-out/>
  <testcase classname="GetAccess" name="GetUserAccountDetails" time="0.699"/>
  <system-out/>
  <testcase classname="GetAccess" name="LogoutFromSystem" time="0.639"/>
  <system-out/>
</testsuite> <!-- GetAccess -->
